<?xml version="1.0" encoding="UTF-8"?>
<!-- Generated by org.testng.reporters.JUnitReportReporter -->
<testsuite hostname="DESKTOP-N71J1N0" name="com.TextVerify.FirstTest.TestClass" tests="1" failures="0" timestamp="30 Dec 2020 14:42:42 GMT" time="0.029" errors="0">
  <testcase name="sum" time="0.029" classname="com.TextVerify.FirstTest.TestClass"/>
</testsuite> <!-- com.TextVerify.FirstTest.TestClass -->
