<?xml version="1.0" encoding="UTF-8"?>
<!-- Generated by org.testng.reporters.JUnitReportReporter -->
<testsuite hostname="DESKTOP-N71J1N0" name="com.TextVerify.FirstTest.TestClass" tests="1" failures="0" timestamp="31 Dec 2020 06:51:56 GMT" time="8.952" errors="0">
  <testcase name="TestToVerifyTextOnChapter1View" time="8.952" classname="com.TextVerify.FirstTest.TestClass"/>
</testsuite> <!-- com.TextVerify.FirstTest.TestClass -->
